2017-05-11 00:39 +08:00: [0mGET / [32m200 [0m298.744 ms - 170[0m
2017-05-11 00:39 +08:00: [0mGET /stylesheets/style.css [32m200 [0m3.277 ms - 111[0m
2017-05-11 00:39 +08:00: [0mGET / [32m200 [0m299.873 ms - 164[0m
2017-05-11 00:39 +08:00: [0mGET /stylesheets/style.css [36m304 [0m2.469 ms - -[0m
2017-05-11 00:39 +08:00: [0mGET / [32m200 [0m301.376 ms - 179[0m
2017-05-11 00:39 +08:00: [0mGET /stylesheets/style.css [36m304 [0m3.229 ms - -[0m
2017-05-11 00:43 +08:00: 1
2017-05-11 00:43 +08:00: [0mGET / [36m304 [0m300.247 ms - -[0m
2017-05-11 00:43 +08:00: [0mGET /stylesheets/style.css [36m304 [0m2.474 ms - -[0m
2017-05-11 00:43 +08:00: 1
2017-05-11 00:43 +08:00: [0mGET / [36m304 [0m18.183 ms - -[0m
2017-05-11 00:43 +08:00: [0mGET /stylesheets/style.css [36m304 [0m0.662 ms - -[0m
2017-05-11 00:43 +08:00: 1
2017-05-11 00:43 +08:00: [0mGET / [36m304 [0m22.204 ms - -[0m
2017-05-11 00:43 +08:00: [0mGET /stylesheets/style.css [36m304 [0m0.424 ms - -[0m
2017-05-11 00:43 +08:00: 1
2017-05-11 00:43 +08:00: [0mGET / [36m304 [0m309.454 ms - -[0m
2017-05-11 00:43 +08:00: [0mGET /stylesheets/style.css [36m304 [0m2.461 ms - -[0m
2017-05-11 00:43 +08:00: [0mGET /stylesheets/style.css [36m304 [0m0.925 ms - -[0m
2017-05-11 00:43 +08:00: 1
2017-05-11 00:43 +08:00: [0mGET / [36m304 [0m19.987 ms - -[0m
2017-05-11 00:43 +08:00: [0mGET /stylesheets/style.css [36m304 [0m1.070 ms - -[0m
2017-05-11 00:44 +08:00: 1
2017-05-11 00:44 +08:00: [0mGET / [36m304 [0m23.897 ms - -[0m
2017-05-11 00:44 +08:00: [0mGET /stylesheets/style.css [36m304 [0m0.601 ms - -[0m
2017-05-11 00:44 +08:00: 1
2017-05-11 00:44 +08:00: [0mGET / [36m304 [0m7.131 ms - -[0m
2017-05-11 00:44 +08:00: [0mGET /stylesheets/style.css [36m304 [0m1.863 ms - -[0m
2017-05-11 00:44 +08:00: 1
2017-05-11 00:44 +08:00: [0mGET / [36m304 [0m7.546 ms - -[0m
2017-05-11 00:44 +08:00: [0mGET /stylesheets/style.css [36m304 [0m0.324 ms - -[0m
2017-05-11 00:44 +08:00: 1
2017-05-11 00:44 +08:00: [0mGET / [36m304 [0m10.653 ms - -[0m
2017-05-11 00:44 +08:00: [0mGET /stylesheets/style.css [36m304 [0m0.475 ms - -[0m
2017-05-11 00:44 +08:00: 1
2017-05-11 00:44 +08:00: [0mGET / [36m304 [0m5.793 ms - -[0m
2017-05-11 00:44 +08:00: [0mGET /stylesheets/style.css [36m304 [0m0.393 ms - -[0m
2017-05-11 00:44 +08:00: 1
2017-05-11 00:44 +08:00: [0mGET / [36m304 [0m6.124 ms - -[0m
2017-05-11 00:44 +08:00: [0mGET /stylesheets/style.css [36m304 [0m0.391 ms - -[0m
2017-05-11 00:44 +08:00: 1
2017-05-11 00:44 +08:00: [0mGET / [36m304 [0m9.947 ms - -[0m
2017-05-11 00:44 +08:00: [0mGET /stylesheets/style.css [36m304 [0m3.144 ms - -[0m
2017-05-11 00:44 +08:00: 1
2017-05-11 00:44 +08:00: [0mGET / [32m200 [0m306.360 ms - 152[0m
2017-05-11 00:44 +08:00: [0mGET /stylesheets/style.css [36m304 [0m2.068 ms - -[0m
2017-05-11 00:44 +08:00: 1
2017-05-11 00:44 +08:00: [0mGET / [36m304 [0m18.201 ms - -[0m
2017-05-11 00:44 +08:00: [0mGET /stylesheets/style.css [36m304 [0m1.401 ms - -[0m
2017-05-11 00:44 +08:00: 1
2017-05-11 00:44 +08:00: [0mGET / [36m304 [0m24.822 ms - -[0m
2017-05-11 00:44 +08:00: [0mGET /stylesheets/style.css [36m304 [0m0.469 ms - -[0m
2017-05-11 00:44 +08:00: 1
2017-05-11 00:44 +08:00: [0mGET / [36m304 [0m8.386 ms - -[0m
2017-05-11 00:44 +08:00: [0mGET /stylesheets/style.css [36m304 [0m0.721 ms - -[0m
2017-05-11 00:44 +08:00: 1
2017-05-11 00:44 +08:00: [0mGET / [36m304 [0m7.502 ms - -[0m
2017-05-11 00:44 +08:00: [0mGET /stylesheets/style.css [36m304 [0m0.456 ms - -[0m
2017-05-11 00:44 +08:00: 1
2017-05-11 00:44 +08:00: [0mGET / [36m304 [0m6.468 ms - -[0m
2017-05-11 00:44 +08:00: [0mGET /stylesheets/style.css [36m304 [0m0.905 ms - -[0m
2017-05-11 00:44 +08:00: 1
2017-05-11 00:44 +08:00: [0mGET / [36m304 [0m6.869 ms - -[0m
2017-05-11 00:44 +08:00: [0mGET /stylesheets/style.css [36m304 [0m0.702 ms - -[0m
2017-05-11 00:44 +08:00: 1
2017-05-11 00:44 +08:00: [0mGET / [36m304 [0m5.389 ms - -[0m
2017-05-11 00:44 +08:00: [0mGET /stylesheets/style.css [36m304 [0m0.554 ms - -[0m
2017-05-11 00:44 +08:00: 1
2017-05-11 00:44 +08:00: [0mGET / [36m304 [0m11.790 ms - -[0m
2017-05-11 00:44 +08:00: [0mGET /stylesheets/style.css [36m304 [0m0.489 ms - -[0m
2017-05-11 00:45 +08:00: 1
2017-05-11 00:45 +08:00: [0mGET / [32m200 [0m303.689 ms - 185[0m
2017-05-11 00:45 +08:00: [0mGET /stylesheets/style.css [36m304 [0m3.508 ms - -[0m
2017-05-11 00:45 +08:00: 1
2017-05-11 00:45 +08:00: [0mGET / [36m304 [0m18.136 ms - -[0m
2017-05-11 00:45 +08:00: [0mGET /stylesheets/style.css [36m304 [0m0.921 ms - -[0m
2017-05-11 00:45 +08:00: 1
2017-05-11 00:45 +08:00: [0mGET / [36m304 [0m25.899 ms - -[0m
2017-05-11 00:45 +08:00: [0mGET /stylesheets/style.css [36m304 [0m0.475 ms - -[0m
2017-05-11 00:45 +08:00: 1
2017-05-11 00:45 +08:00: [0mGET / [36m304 [0m11.805 ms - -[0m
2017-05-11 00:45 +08:00: [0mGET /stylesheets/style.css [36m304 [0m0.410 ms - -[0m
2017-05-11 00:45 +08:00: 1
2017-05-11 00:45 +08:00: [0mGET / [36m304 [0m7.326 ms - -[0m
2017-05-11 00:45 +08:00: [0mGET /stylesheets/style.css [36m304 [0m0.866 ms - -[0m
2017-05-11 00:45 +08:00: 1
2017-05-11 00:45 +08:00: [0mGET / [36m304 [0m7.022 ms - -[0m
2017-05-11 00:45 +08:00: [0mGET /stylesheets/style.css [36m304 [0m0.697 ms - -[0m
2017-05-11 00:45 +08:00: 1
2017-05-11 00:45 +08:00: [0mGET / [32m200 [0m321.757 ms - 152[0m
2017-05-11 00:45 +08:00: 1
2017-05-11 00:45 +08:00: [0mGET / [32m200 [0m20.098 ms - 152[0m
2017-05-11 00:45 +08:00: [0mGET /stylesheets/style.css [36m304 [0m2.593 ms - -[0m
2017-05-11 00:45 +08:00: 1
2017-05-11 00:45 +08:00: [0mGET / [36m304 [0m27.360 ms - -[0m
2017-05-11 00:45 +08:00: [0mGET /stylesheets/style.css [36m304 [0m1.092 ms - -[0m
2017-05-11 00:45 +08:00: 1
2017-05-11 00:45 +08:00: [0mGET / [36m304 [0m12.420 ms - -[0m
2017-05-11 00:45 +08:00: [0mGET /stylesheets/style.css [36m304 [0m2.644 ms - -[0m
2017-05-11 00:45 +08:00: 1
2017-05-11 00:45 +08:00: [0mGET / [36m304 [0m10.322 ms - -[0m
2017-05-11 00:45 +08:00: [0mGET /stylesheets/style.css [36m304 [0m0.619 ms - -[0m
2017-05-11 00:45 +08:00: 1
2017-05-11 00:45 +08:00: [0mGET / [36m304 [0m7.407 ms - -[0m
2017-05-11 00:45 +08:00: [0mGET /stylesheets/style.css [36m304 [0m0.807 ms - -[0m
2017-05-11 00:45 +08:00: 1
2017-05-11 00:45 +08:00: [0mGET / [36m304 [0m8.237 ms - -[0m
2017-05-11 00:45 +08:00: [0mGET /stylesheets/style.css [36m304 [0m0.695 ms - -[0m
2017-05-11 00:46 +08:00: 1
2017-05-11 00:46 +08:00: [0mGET / [36m304 [0m6.300 ms - -[0m
2017-05-11 00:46 +08:00: [0mGET /stylesheets/style.css [36m304 [0m0.585 ms - -[0m
2017-05-11 00:46 +08:00: 1
2017-05-11 00:46 +08:00: [0mGET / [36m304 [0m6.998 ms - -[0m
2017-05-11 00:46 +08:00: [0mGET /stylesheets/style.css [36m304 [0m0.620 ms - -[0m
2017-05-11 00:46 +08:00: 1
2017-05-11 00:46 +08:00: [0mGET / [36m304 [0m4.222 ms - -[0m
2017-05-11 00:46 +08:00: [0mGET /stylesheets/style.css [36m304 [0m0.407 ms - -[0m
2017-05-11 00:46 +08:00: 1
2017-05-11 00:46 +08:00: [0mGET / [36m304 [0m4.900 ms - -[0m
2017-05-11 00:46 +08:00: [0mGET /stylesheets/style.css [36m304 [0m0.502 ms - -[0m
2017-05-11 00:46 +08:00: 1
2017-05-11 00:46 +08:00: [0mGET / [36m304 [0m4.980 ms - -[0m
2017-05-11 00:46 +08:00: [0mGET /stylesheets/style.css [36m304 [0m0.505 ms - -[0m
2017-05-11 00:46 +08:00: 1
2017-05-11 00:46 +08:00: [0mGET / [36m304 [0m7.171 ms - -[0m
2017-05-11 00:46 +08:00: [0mGET /stylesheets/style.css [36m304 [0m0.443 ms - -[0m
2017-05-11 00:46 +08:00: 1
2017-05-11 00:46 +08:00: [0mGET / [36m304 [0m10.921 ms - -[0m
2017-05-11 00:46 +08:00: [0mGET /stylesheets/style.css [36m304 [0m0.806 ms - -[0m
2017-05-11 00:46 +08:00: 1
2017-05-11 00:46 +08:00: [0mGET / [36m304 [0m5.169 ms - -[0m
2017-05-11 00:46 +08:00: [0mGET /stylesheets/style.css [36m304 [0m0.396 ms - -[0m
2017-05-11 00:46 +08:00: 1
2017-05-11 00:46 +08:00: [0mGET / [36m304 [0m6.033 ms - -[0m
2017-05-11 00:46 +08:00: 1
2017-05-11 00:46 +08:00: [0mGET / [36m304 [0m5.864 ms - -[0m
2017-05-11 00:46 +08:00: [0mGET /stylesheets/style.css [36m304 [0m0.368 ms - -[0m
2017-05-11 00:46 +08:00: 1
2017-05-11 00:46 +08:00: [0mGET / [36m304 [0m6.162 ms - -[0m
2017-05-11 00:46 +08:00: [0mGET /stylesheets/style.css [36m304 [0m0.575 ms - -[0m
2017-05-11 00:46 +08:00: 1
2017-05-11 00:46 +08:00: [0mGET / [36m304 [0m6.105 ms - -[0m
2017-05-11 00:46 +08:00: [0mGET /stylesheets/style.css [36m304 [0m2.364 ms - -[0m
2017-05-11 00:46 +08:00: 1
2017-05-11 00:46 +08:00: [0mGET / [36m304 [0m7.237 ms - -[0m
2017-05-11 00:46 +08:00: 1
2017-05-11 00:46 +08:00: [0mGET / [36m304 [0m6.954 ms - -[0m
2017-05-11 00:46 +08:00: [0mGET /stylesheets/style.css [36m304 [0m2.669 ms - -[0m
2017-05-11 00:46 +08:00: 1
2017-05-11 00:46 +08:00: [0mGET / [36m304 [0m11.522 ms - -[0m
2017-05-11 00:46 +08:00: 1
2017-05-11 00:46 +08:00: [0mGET / [32m200 [0m5.002 ms - 152[0m
2017-05-11 00:46 +08:00: [0mGET /stylesheets/style.css [36m304 [0m0.394 ms - -[0m
2017-05-11 00:46 +08:00: 1
2017-05-11 00:46 +08:00: [0mGET / [36m304 [0m8.371 ms - -[0m
2017-05-11 00:46 +08:00: 1
2017-05-11 00:46 +08:00: [0mGET / [36m304 [0m5.263 ms - -[0m
2017-05-11 00:46 +08:00: [0mGET /stylesheets/style.css [36m304 [0m0.936 ms - -[0m
2017-05-11 00:46 +08:00: 1
2017-05-11 00:46 +08:00: [0mGET / [36m304 [0m4.794 ms - -[0m
2017-05-11 00:46 +08:00: [0mGET /stylesheets/style.css [36m304 [0m0.520 ms - -[0m
2017-05-11 00:46 +08:00: 1
2017-05-11 00:46 +08:00: [0mGET / [36m304 [0m7.039 ms - -[0m
2017-05-11 00:46 +08:00: [0mGET /stylesheets/style.css [36m304 [0m0.793 ms - -[0m
2017-05-11 00:46 +08:00: 1
2017-05-11 00:46 +08:00: [0mGET / [36m304 [0m24.026 ms - -[0m
2017-05-11 00:46 +08:00: 1
2017-05-11 00:46 +08:00: [0mGET / [32m200 [0m13.273 ms - 152[0m
2017-05-11 00:46 +08:00: 1
2017-05-11 00:46 +08:00: [0mGET / [36m304 [0m19.539 ms - -[0m
2017-05-11 00:46 +08:00: [0mGET /stylesheets/style.css [36m304 [0m0.726 ms - -[0m
2017-05-11 00:46 +08:00: 1
2017-05-11 00:46 +08:00: [0mGET / [36m304 [0m4.084 ms - -[0m
2017-05-11 00:46 +08:00: [0mGET /stylesheets/style.css [36m304 [0m0.600 ms - -[0m
2017-05-11 00:46 +08:00: 1
2017-05-11 00:46 +08:00: [0mGET / [36m304 [0m6.563 ms - -[0m
2017-05-11 00:46 +08:00: 1
2017-05-11 00:46 +08:00: [0mGET / [36m304 [0m5.540 ms - -[0m
2017-05-11 00:46 +08:00: [0mGET /stylesheets/style.css [36m304 [0m0.692 ms - -[0m
2017-05-11 00:46 +08:00: 1
2017-05-11 00:46 +08:00: [0mGET / [36m304 [0m5.536 ms - -[0m
2017-05-11 00:46 +08:00: [0mGET /stylesheets/style.css [36m304 [0m0.447 ms - -[0m
2017-05-11 00:46 +08:00: 1
2017-05-11 00:46 +08:00: [0mGET / [36m304 [0m4.185 ms - -[0m
2017-05-11 00:46 +08:00: [0mGET /stylesheets/style.css [36m304 [0m0.491 ms - -[0m
2017-05-11 00:46 +08:00: 1
2017-05-11 00:46 +08:00: [0mGET / [36m304 [0m4.013 ms - -[0m
2017-05-11 00:46 +08:00: [0mGET /stylesheets/style.css [36m304 [0m0.613 ms - -[0m
2017-05-11 00:46 +08:00: 1
2017-05-11 00:46 +08:00: [0mGET / [36m304 [0m7.873 ms - -[0m
2017-05-11 00:46 +08:00: 1
2017-05-11 00:46 +08:00: [0mGET / [36m304 [0m4.209 ms - -[0m
2017-05-11 00:46 +08:00: [0mGET /stylesheets/style.css [36m304 [0m0.678 ms - -[0m
2017-05-11 00:46 +08:00: 1
2017-05-11 00:46 +08:00: [0mGET / [36m304 [0m3.044 ms - -[0m
2017-05-11 00:46 +08:00: [0mGET /stylesheets/style.css [36m304 [0m0.974 ms - -[0m
2017-05-11 00:46 +08:00: 1
2017-05-11 00:46 +08:00: [0mGET / [36m304 [0m4.214 ms - -[0m
2017-05-11 00:46 +08:00: [0mGET /stylesheets/style.css [36m304 [0m0.414 ms - -[0m
2017-05-11 00:46 +08:00: 1
2017-05-11 00:46 +08:00: [0mGET / [36m304 [0m3.000 ms - -[0m
2017-05-11 00:46 +08:00: [0mGET /stylesheets/style.css [36m304 [0m2.562 ms - -[0m
2017-05-11 00:46 +08:00: 1
2017-05-11 00:46 +08:00: [0mGET / [36m304 [0m2.999 ms - -[0m
2017-05-11 00:46 +08:00: [0mGET /stylesheets/style.css [36m304 [0m0.532 ms - -[0m
2017-05-11 00:46 +08:00: 1
2017-05-11 00:46 +08:00: [0mGET / [36m304 [0m4.090 ms - -[0m
2017-05-11 00:46 +08:00: [0mGET /stylesheets/style.css [36m304 [0m2.906 ms - -[0m
2017-05-11 00:46 +08:00: 1
2017-05-11 00:46 +08:00: [0mGET / [36m304 [0m4.363 ms - -[0m
2017-05-11 00:46 +08:00: [0mGET /stylesheets/style.css [36m304 [0m0.417 ms - -[0m
2017-05-11 00:46 +08:00: 1
2017-05-11 00:46 +08:00: [0mGET / [36m304 [0m6.858 ms - -[0m
2017-05-11 00:46 +08:00: [0mGET /stylesheets/style.css [36m304 [0m2.590 ms - -[0m
2017-05-11 00:46 +08:00: 1
2017-05-11 00:46 +08:00: [0mGET / [36m304 [0m3.456 ms - -[0m
2017-05-11 00:46 +08:00: 1
2017-05-11 00:46 +08:00: [0mGET / [36m304 [0m5.282 ms - -[0m
2017-05-11 00:46 +08:00: [0mGET /stylesheets/style.css [36m304 [0m0.670 ms - -[0m
2017-05-11 00:46 +08:00: 1
[0mGET / [36m304 [0m5.386 ms - -[0m
2017-05-11 00:46 +08:00: [0mGET /stylesheets/style.css [36m304 [0m0.529 ms - -[0m
2017-05-11 00:46 +08:00: 1
2017-05-11 00:46 +08:00: [0mGET / [36m304 [0m6.650 ms - -[0m
2017-05-11 00:46 +08:00: [0mGET /stylesheets/style.css [36m304 [0m0.392 ms - -[0m
2017-05-11 00:46 +08:00: 1
2017-05-11 00:46 +08:00: [0mGET / [36m304 [0m8.446 ms - -[0m
2017-05-11 00:46 +08:00: 1
2017-05-11 00:46 +08:00: [0mGET / [36m304 [0m4.010 ms - -[0m
2017-05-11 00:46 +08:00: [0mGET /stylesheets/style.css [36m304 [0m0.393 ms - -[0m
2017-05-11 00:46 +08:00: 1
2017-05-11 00:46 +08:00: [0mGET / [36m304 [0m3.770 ms - -[0m
2017-05-11 00:46 +08:00: [0mGET /stylesheets/style.css [36m304 [0m0.370 ms - -[0m
2017-05-11 00:46 +08:00: 1
2017-05-11 00:46 +08:00: [0mGET / [36m304 [0m3.359 ms - -[0m
2017-05-11 00:46 +08:00: [0mGET /stylesheets/style.css [36m304 [0m0.416 ms - -[0m
2017-05-11 00:46 +08:00: 1
2017-05-11 00:46 +08:00: [0mGET / [36m304 [0m3.928 ms - -[0m
2017-05-11 00:46 +08:00: [0mGET /stylesheets/style.css [36m304 [0m0.628 ms - -[0m
2017-05-11 00:46 +08:00: 1
2017-05-11 00:46 +08:00: [0mGET / [36m304 [0m3.693 ms - -[0m
2017-05-11 00:46 +08:00: [0mGET /stylesheets/style.css [36m304 [0m0.948 ms - -[0m
2017-05-11 00:46 +08:00: 1
2017-05-11 00:46 +08:00: [0mGET / [36m304 [0m5.716 ms - -[0m
2017-05-11 00:46 +08:00: [0mGET /stylesheets/style.css [36m304 [0m4.411 ms - -[0m
2017-05-11 00:46 +08:00: [0mGET / [32m200 [0m306.158 ms - 182[0m
2017-05-11 00:46 +08:00: [0mGET /stylesheets/style.css [36m304 [0m3.143 ms - -[0m
2017-05-11 00:46 +08:00: [0mGET / [36m304 [0m17.585 ms - -[0m
2017-05-11 00:46 +08:00: [0mGET /stylesheets/style.css [36m304 [0m0.990 ms - -[0m
2017-05-11 00:47 +08:00: [0mGET / [32m200 [0m330.329 ms - 155[0m
2017-05-11 00:47 +08:00: [0mGET /stylesheets/style.css [36m304 [0m2.303 ms - -[0m
2017-05-11 00:47 +08:00: [0mGET / [36m304 [0m17.476 ms - -[0m
2017-05-11 00:47 +08:00: [0mGET /stylesheets/style.css [36m304 [0m0.735 ms - -[0m
2017-05-11 00:47 +08:00: [0mGET / [36m304 [0m26.335 ms - -[0m
2017-05-11 00:47 +08:00: [0mGET /stylesheets/style.css [36m304 [0m0.436 ms - -[0m
2017-05-11 00:47 +08:00: [0mGET / [36m304 [0m4.843 ms - -[0m
2017-05-11 00:47 +08:00: [0mGET /stylesheets/style.css [36m304 [0m0.398 ms - -[0m
2017-05-11 00:47 +08:00: [0mGET / [36m304 [0m8.891 ms - -[0m
2017-05-11 00:47 +08:00: [0mGET /stylesheets/style.css [36m304 [0m0.620 ms - -[0m
2017-05-11 00:47 +08:00: [0mGET / [36m304 [0m7.246 ms - -[0m
2017-05-11 00:47 +08:00: [0mGET /stylesheets/style.css [36m304 [0m0.502 ms - -[0m
2017-05-11 00:47 +08:00: [0mGET / [36m304 [0m4.285 ms - -[0m
2017-05-11 00:47 +08:00: [0mGET /stylesheets/style.css [36m304 [0m0.898 ms - -[0m
2017-05-11 01:20 +08:00: 111
2017-05-11 01:20 +08:00: [0mGET / [36m304 [0m333.664 ms - -[0m
2017-05-11 01:20 +08:00: [0mGET /stylesheets/style.css [36m304 [0m2.324 ms - -[0m
2017-05-11 01:22 +08:00: 111
2017-05-11 01:22 +08:00: [0mGET / [36m304 [0m19.310 ms - -[0m
2017-05-11 01:22 +08:00: [0mGET /stylesheets/style.css [36m304 [0m0.746 ms - -[0m
2017-05-11 01:23 +08:00: 111
2017-05-11 01:23 +08:00: [0mGET / [36m304 [0m27.944 ms - -[0m
2017-05-11 01:23 +08:00: [0mGET /stylesheets/style.css [36m304 [0m0.451 ms - -[0m
2017-05-11 01:27 +08:00: 111
2017-05-11 01:27 +08:00: [0mGET / [36m304 [0m8.898 ms - -[0m
2017-05-11 01:27 +08:00: [0mGET /stylesheets/style.css [36m304 [0m0.539 ms - -[0m
2017-05-11 01:27 +08:00: 111
2017-05-11 01:27 +08:00: [0mGET / [36m304 [0m8.571 ms - -[0m
2017-05-11 01:27 +08:00: [0mGET /stylesheets/style.css [36m304 [0m0.808 ms - -[0m
